<?xml version="1.0" encoding="UTF-8"?>
<testsuite xmlns:xsi="http://www.w3.org/2001/XMLSchema-instance" xsi:noNamespaceSchemaLocation="https://maven.apache.org/surefire/maven-surefire-plugin/xsd/surefire-test-report-3.0.xsd" version="3.0" name="courier.CreateCourierTest" time="4.498" tests="3" errors="0" skipped="0" failures="0">
  <properties>
[...]
</properties>
  <testcase name="createNewCourierTest" classname="courier.CreateCourierTest" time="1.574"/>
  <testcase name="createNewCourierWithoutRequiredFieldsTest" classname="courier.CreateCourierTest" time="1.238"/>
  <testcase name="cantCreateTwoOwnersCouriersTest" classname="courier.CreateCourierTest" time="1.671"/>
</testsuite>